2026-02-01 11:05:20 | STARTED | Mode: PAPER (NO_LIMITS) | Scan: 500ms
2026-02-01 11:05:20 | STOPPED | Reason: KeyboardInterrupt
2026-02-01 11:05:20 | STOPPED | Reason: CRASH: UnicodeEncodeError: 'charmap' codec can't encode
2026-02-01 11:05:20 | STOPPED | Reason: CRASH: ConnectionError | {'retry_count': 3}
2026-02-01 12:00:54 | STOPPED | Reason: CRASH: NameError: name 'SCAN_INTERVAL' is not defined
2026-02-01 12:04:53 | STARTED | Mode: PAPER (NO_LIMITS) | Scan: 500ms
2026-02-01 12:05:18 | STOPPED | Reason: KeyboardInterrupt
2026-02-01 12:06:16 | STARTED | Mode: LIVE (NO_LIMITS) | Scan: 500ms
2026-02-01 12:11:09 | STOPPED | Reason: KeyboardInterrupt
2026-02-01 12:11:24 | STARTED | Mode: LIVE (NO_LIMITS) | Scan: 500ms
2026-02-01 17:17:46 | STOPPED | Reason: KeyboardInterrupt
2026-02-01 17:28:59 | STARTED | Mode: LIVE (NO_LIMITS) | Scan: 500ms
2026-02-01 17:34:03 | STOPPED | Reason: CRASH: TypeError: unsupported format string passed to NoneType.__format__
2026-02-01 17:49:29 | STARTED | Mode: LIVE (NO_LIMITS) | Scan: 500ms
2026-02-01 17:51:33 | STOPPED | Reason: CRASH: UnboundLocalError: cannot access local variable 'exec_time_ms' where it is not associated with a value
2026-02-01 19:13:24 | STARTED | Mode: LIVE (NO_LIMITS) | Scan: 500ms
2026-02-01 19:21:02 | STOPPED | Reason: SystemExit: MAX_TRADES limit (1) reached
2026-02-01 19:37:56 | STARTED | Mode: LIVE (NO_LIMITS) | Scan: 500ms
2026-02-01 19:38:40 | STOPPED | Reason: SystemExit: MAX_TRADES limit (1) reached
2026-02-01 19:47:37 | STARTED | Mode: LIVE (NO_LIMITS) | Scan: 500ms
2026-02-01 19:53:41 | STOPPED | Reason: SystemExit: MAX_TRADES limit (1) reached
2026-02-01 20:03:19 | STARTED | Mode: PAPER (NO_LIMITS) | Scan: 500ms
2026-02-01 20:03:40 | STOPPED | Reason: KeyboardInterrupt
2026-02-01 20:09:32 | STARTED | Mode: PAPER (NO_LIMITS) | Scan: 500ms
2026-02-01 20:10:34 | STOPPED | Reason: KeyboardInterrupt
2026-02-01 20:11:49 | STARTED | Mode: LIVE (NO_LIMITS) | Scan: 500ms
2026-02-01 20:13:46 | STOPPED | Reason: KeyboardInterrupt
2026-02-01 20:19:25 | STARTED | Mode: LIVE (NO_LIMITS) | Scan: 500ms
2026-02-01 20:19:53 | STOPPED | Reason: KeyboardInterrupt
2026-02-01 20:20:52 | STARTED | Mode: LIVE (NO_LIMITS) | Scan: 500ms
2026-02-01 20:21:16 | STOPPED | Reason: SystemExit: MAX_TRADES limit (1) reached
2026-02-01 20:30:36 | STARTED | Mode: LIVE (NO_LIMITS) | Scan: 500ms
2026-02-01 20:43:41 | STOPPED | Reason: SystemExit: MAX_TRADES limit (1) reached
2026-02-01 20:53:01 | STARTED | Mode: LIVE (NO_LIMITS) | Scan: 500ms
2026-02-01 20:54:41 | STOPPED | Reason: SystemExit: MAX_TRADES limit (1) reached
2026-02-01 21:07:55 | STARTED | Mode: LIVE (NO_LIMITS) | Scan: 500ms
2026-02-01 21:09:40 | STOPPED | Reason: SystemExit: MAX_TRADES limit (1) reached
2026-02-01 21:20:45 | STARTED | Mode: LIVE (NO_LIMITS) | Scan: 500ms
2026-02-01 21:29:09 | STOPPED | Reason: KeyboardInterrupt
2026-02-01 21:30:29 | STARTED | Mode: LIVE (NO_LIMITS) | Scan: 500ms
2026-02-01 21:46:15 | STOPPED | Reason: SystemExit: MAX_TRADES limit (1) reached
2026-02-01 22:00:21 | STARTED | Mode: LIVE (NO_LIMITS) | Scan: 500ms
2026-02-01 22:02:29 | STOPPED | Reason: SystemExit: MAX_TRADES limit (1) reached
2026-02-01 22:12:35 | STARTED | Mode: LIVE (NO_LIMITS) | Scan: 500ms
2026-02-01 22:12:51 | STOPPED | Reason: KeyboardInterrupt
2026-02-01 22:15:14 | STARTED | Mode: LIVE (NO_LIMITS) | Scan: 500ms
2026-02-01 22:16:13 | STOPPED | Reason: SystemExit: MAX_TRADES limit (1) reached
2026-02-01 22:27:05 | STARTED | Mode: LIVE (NO_LIMITS) | Scan: 500ms
2026-02-01 22:31:57 | STOPPED | Reason: SystemExit: MAX_TRADES limit (1) reached
2026-02-01 22:38:13 | STARTED | Mode: LIVE (NO_LIMITS) | Scan: 500ms
2026-02-01 22:41:00 | STOPPED | Reason: SystemExit: MAX_TRADES limit (1) reached
2026-02-01 22:51:00 | STARTED | Mode: LIVE (NO_LIMITS) | Scan: 500ms
2026-02-02 08:48:24 | STOPPED | Reason: KeyboardInterrupt
2026-02-02 20:41:13 | STARTED | Mode: LIVE (NO_LIMITS) | Scan: 500ms
2026-02-02 20:47:43 | STOPPED | Reason: KeyboardInterrupt
2026-02-02 20:48:23 | STARTED | Mode: LIVE (NO_LIMITS) | Scan: 500ms
2026-02-02 20:48:41 | STOPPED | Reason: KeyboardInterrupt
2026-02-02 20:54:27 | STARTED | Mode: LIVE (NO_LIMITS) | Scan: 500ms
2026-02-02 20:54:41 | STOPPED | Reason: CRASH: UnboundLocalError: cannot access local variable 'teams' where it is not associated with a value
2026-02-02 20:56:37 | STARTED | Mode: LIVE (NO_LIMITS) | Scan: 500ms
2026-02-02 20:59:06 | STOPPED | Reason: SystemExit: MAX_TRADES limit (1) reached
2026-02-02 21:02:27 | STARTED | Mode: LIVE (NO_LIMITS) | Scan: 500ms
2026-02-02 21:04:56 | STOPPED | Reason: CRASH: UnboundLocalError: cannot access local variable 'exec_time_ms' where it is not associated with a value
2026-02-02 21:14:17 | STARTED | Mode: LIVE (NO_LIMITS) | Scan: 500ms
2026-02-02 21:23:09 | STOPPED | Reason: KeyboardInterrupt
2026-02-02 21:24:20 | STARTED | Mode: LIVE (NO_LIMITS) | Scan: 500ms
2026-02-02 21:26:12 | STOPPED | Reason: SystemExit: KILL SWITCH ACTIVATED - Manual intervention required
2026-02-02 21:52:37 | STARTED | Mode: PAPER (NO_LIMITS) | Scan: 500ms
2026-02-02 21:56:35 | STOPPED | Reason: KeyboardInterrupt
2026-02-02 22:03:27 | STARTED | Mode: PAPER (NO_LIMITS) | Scan: 500ms
2026-02-02 22:04:20 | STOPPED | Reason: KeyboardInterrupt
2026-02-02 22:25:13 | STARTED | Mode: PAPER (NO_LIMITS) | Scan: 500ms
2026-02-02 22:26:29 | STOPPED | Reason: KeyboardInterrupt
2026-02-03 20:30:34 | STARTED | Mode: PAPER (NO_LIMITS) | Scan: 500ms
2026-02-03 20:32:13 | STOPPED | Reason: CRASH: AttributeError: 'ArbOpportunity' object has no attribute 'spread'
2026-02-03 20:33:21 | STARTED | Mode: PAPER (NO_LIMITS) | Scan: 500ms
2026-02-03 20:50:16 | STARTED | Mode: PAPER (NO_LIMITS) | Scan: 500ms
2026-02-03 20:51:21 | STARTED | Mode: PAPER (NO_LIMITS) | Scan: 500ms
2026-02-03 21:11:04 | STARTED | Mode: LIVE (NO_LIMITS) | Scan: 500ms
2026-02-03 21:18:21 | STOPPED | Reason: SystemExit: MAX_TRADES limit (5) reached
2026-02-03 21:58:25 | STARTED | Mode: PAPER (NO_LIMITS) | Scan: 500ms
2026-02-03 21:59:25 | STOPPED | Reason: SystemExit: MAX_TRADES limit (3) reached
2026-02-03 22:05:14 | STARTED | Mode: LIVE (NO_LIMITS) | Scan: 500ms
2026-02-03 22:51:25 | STARTED | Mode: PAPER (NO_LIMITS) | Scan: 500ms
2026-02-04 19:38:01 | STARTED | Mode: PAPER (NO_LIMITS) | Scan: 500ms
2026-02-04 19:47:18 | STARTED | Mode: PAPER (NO_LIMITS) | Scan: 500ms
2026-02-04 19:48:53 | STARTED | Mode: PAPER (NO_LIMITS) | Scan: 500ms
2026-02-04 19:52:55 | STARTED | Mode: PAPER (NO_LIMITS) | Scan: 500ms
2026-02-04 19:54:57 | STARTED | Mode: PAPER (NO_LIMITS) | Scan: 500ms
2026-02-04 20:06:53 | STARTED | Mode: PAPER (NO_LIMITS) | Scan: 500ms
2026-02-04 20:07:09 | STOPPED | Reason: CRASH: OSError: [Errno 22] Invalid argument
2026-02-04 20:07:18 | STARTED | Mode: PAPER (NO_LIMITS) | Scan: 500ms
2026-02-04 20:10:34 | STARTED | Mode: PAPER (NO_LIMITS) | Scan: 500ms
2026-02-04 20:11:28 | STARTED | Mode: PAPER (NO_LIMITS) | Scan: 500ms
2026-02-04 20:14:45 | STARTED | Mode: LIVE (NO_LIMITS) | Scan: 500ms
2026-02-04 20:19:26 | STARTED | Mode: LIVE (NO_LIMITS) | Scan: 500ms
2026-02-04 20:26:25 | STARTED | Mode: PAPER (NO_LIMITS) | Scan: 500ms
2026-02-04 20:26:41 | STOPPED | Reason: CRASH: OSError: [Errno 22] Invalid argument
2026-02-04 20:26:50 | STARTED | Mode: PAPER (NO_LIMITS) | Scan: 500ms
2026-02-04 20:28:55 | STARTED | Mode: PAPER (NO_LIMITS) | Scan: 500ms
2026-02-04 20:30:42 | STARTED | Mode: PAPER (NO_LIMITS) | Scan: 500ms
2026-02-04 20:34:07 | STARTED | Mode: LIVE (NO_LIMITS) | Scan: 500ms
2026-02-04 20:45:41 | STARTED | Mode: LIVE (NO_LIMITS) | Scan: 500ms
2026-02-04 20:45:57 | STOPPED | Reason: CRASH: OSError: [Errno 22] Invalid argument
2026-02-04 20:46:05 | STARTED | Mode: LIVE (NO_LIMITS) | Scan: 500ms
2026-02-04 20:51:03 | STARTED | Mode: PAPER (NO_LIMITS) | Scan: 500ms
2026-02-04 20:51:18 | STOPPED | Reason: CRASH: OSError: [Errno 22] Invalid argument
2026-02-04 20:51:27 | STARTED | Mode: PAPER (NO_LIMITS) | Scan: 500ms
2026-02-04 20:51:55 | STOPPED | Reason: SystemExit: MAX_TRADES limit (2) reached
2026-02-04 20:52:05 | STARTED | Mode: PAPER (NO_LIMITS) | Scan: 500ms
2026-02-04 20:52:21 | STOPPED | Reason: SystemExit: MAX_TRADES limit (1) reached
2026-02-04 20:52:46 | STARTED | Mode: LIVE (NO_LIMITS) | Scan: 500ms
2026-02-04 20:54:52 | STARTED | Mode: PAPER (NO_LIMITS) | Scan: 500ms
2026-02-04 20:58:34 | STARTED | Mode: LIVE (NO_LIMITS) | Scan: 500ms
2026-02-04 21:02:29 | STARTED | Mode: LIVE (NO_LIMITS) | Scan: 500ms
2026-02-04 21:02:58 | STARTED | Mode: LIVE (NO_LIMITS) | Scan: 500ms
2026-02-04 21:13:31 | STARTED | Mode: LIVE (NO_LIMITS) | Scan: 500ms
2026-02-04 21:21:34 | STARTED | Mode: PAPER (NO_LIMITS) | Scan: 500ms
2026-02-04 21:30:22 | STARTED | Mode: LIVE (NO_LIMITS) | Scan: 500ms
2026-02-04 21:30:39 | STOPPED | Reason: CRASH: OSError: [Errno 22] Invalid argument
2026-02-04 21:31:02 | STARTED | Mode: LIVE (NO_LIMITS) | Scan: 500ms
2026-02-05 08:09:00 | STARTED | Mode: LIVE (NO_LIMITS) | Scan: 500ms
2026-02-05 09:17:50 | STARTED | Mode: PAPER (NO_LIMITS) | Scan: 500ms
2026-02-05 09:18:34 | STARTED | Mode: PAPER (NO_LIMITS) | Scan: 500ms
2026-02-05 09:18:47 | STOPPED | Reason: CRASH: OSError: [Errno 22] Invalid argument
2026-02-05 17:25:38 | STARTED | Mode: PAPER (NO_LIMITS) | Scan: 500ms
2026-02-05 17:25:52 | STOPPED | Reason: CRASH: OSError: [Errno 22] Invalid argument
2026-02-05 17:26:02 | STARTED | Mode: PAPER (NO_LIMITS) | Scan: 500ms
2026-02-05 17:27:23 | STARTED | Mode: PAPER (NO_LIMITS) | Scan: 500ms
2026-02-05 17:50:36 | STARTED | Mode: PAPER (NO_LIMITS) | Scan: 500ms
2026-02-05 19:47:35 | STARTED | Mode: PAPER (NO_LIMITS) | Scan: 500ms
2026-02-05 19:48:12 | STARTED | Mode: PAPER (NO_LIMITS) | Scan: 500ms
2026-02-05 19:50:20 | STARTED | Mode: PAPER (NO_LIMITS) | Scan: 500ms
2026-02-05 19:50:53 | STARTED | Mode: PAPER (NO_LIMITS) | Scan: 500ms
2026-02-05 19:51:18 | STARTED | Mode: PAPER (NO_LIMITS) | Scan: 500ms
2026-02-05 19:51:43 | STARTED | Mode: PAPER (NO_LIMITS) | Scan: 500ms
2026-02-05 19:58:36 | STARTED | Mode: PAPER (NO_LIMITS) | Scan: 500ms
2026-02-05 20:01:28 | STARTED | Mode: LIVE (NO_LIMITS) | Scan: 500ms
2026-02-05 21:23:01 | STARTED | Mode: LIVE (NO_LIMITS) | Scan: 500ms
2026-02-05 22:33:45 | STARTED | Mode: LIVE (NO_LIMITS) | Scan: 500ms
2026-02-05 22:46:11 | STARTED | Mode: LIVE (NO_LIMITS) | Scan: 500ms
2026-02-05 22:46:40 | STOPPED | Reason: CRASH: OSError: [Errno 22] Invalid argument
2026-02-05 22:47:16 | STARTED | Mode: LIVE (NO_LIMITS) | Scan: 500ms
